<?xml version="1.0" encoding="UTF-8"?>
<!-- Generated by org.testng.reporters.JUnitReportReporter -->
<testsuite skipped="0" hostname="Satheesh" name="com.project.sauceDemo.CheckOutTest" tests="2" failures="0" timestamp="29 Oct 2021 16:18:18 GMT" time="0.369" errors="0">
  <testcase name="placeOrder" time="0.256" classname="com.project.sauceDemo.CheckOutTest"/>
  <testcase name="validateSuccessMessage" time="0.113" classname="com.project.sauceDemo.CheckOutTest"/>
</testsuite> <!-- com.project.sauceDemo.CheckOutTest -->
