<?xml version="1.0" encoding="UTF-8"?>
<!-- Generated by org.testng.reporters.JUnitReportReporter -->
<testsuite skipped="0" hostname="Satheesh" name="com.project.sauceDemo.LoginTest" tests="1" failures="0" timestamp="29 Oct 2021 12:39:25 GMT" time="20.886" errors="0">
  <testcase name="performLogin" time="20.886" classname="com.project.sauceDemo.LoginTest"/>
</testsuite> <!-- com.project.sauceDemo.LoginTest -->
